TAIEX台灣加權指數 2019年06月23日
1101台泥 2019年06月23日
1102亞泥 2019年06月23日
1103嘉泥 2019年06月23日
1104環泥 2019年06月23日
1108幸福 2019年06月23日
1109信大 2019年06月23日
1110東泥 2019年06月23日
1201味全 2019年06月23日
1203味王 2019年06月23日
1210大成 2019年06月23日
1215卜蜂 2019年06月23日
1216統一 2019年06月23日
1217愛之味 2019年06月23日
1218泰山 2019年06月23日
1219福壽 2019年06月23日
1220台榮 2019年06月23日
1225福懋油 2019年06月23日
1227佳格 2019年06月23日
1229聯華 2019年06月23日
1231聯華食 2019年06月23日
1232大統益 2019年06月23日
1233天仁 2019年06月23日
1234黑松 2019年06月23日
1235興泰 2019年06月23日
1236宏亞 2019年06月23日
1256鮮活果汁-KY 2019年06月23日
1262綠悅-KY 2019年06月23日
1301台塑 2019年06月23日
1303南亞 2019年06月23日
1304台聚 2019年06月23日
1305華夏 2019年06月23日
1307三芳 2019年06月23日
1308亞聚 2019年06月23日
1309台達化 2019年06月23日
1310台苯 2019年06月23日
1312國喬 2019年06月23日
1313聯成 2019年06月23日
1314中石化 2019年06月23日
1315達新 2019年06月23日
1316上曜 2019年06月23日
1319東陽 2019年06月23日
1321大洋 2019年06月23日
1323永裕 2019年06月23日
1324地球 2019年06月23日
1325恆大 2019年06月23日
1326台化 2019年06月23日
1337再生-KY 2019年06月23日
1338廣華-KY 2019年06月23日
1339昭輝 2019年06月23日
1340勝悅-KY 2019年06月23日
1341富林-KY 2019年06月23日
1402遠東新 2019年06月23日
1409新纖 2019年06月23日
1410南染 2019年06月23日
1413宏洲 2019年06月23日
1414東和 2019年06月23日
1416廣豐 2019年06月23日
1417嘉裕 2019年06月23日
1418東華 2019年06月23日
1419新紡 2019年06月23日
1423利華 2019年06月23日
1432大魯閣 2019年06月23日
1434福懋 2019年06月23日
1435中福 2019年06月23日
1436華友聯 2019年06月23日
1437勤益控 2019年06月23日
1438裕豐 2019年06月23日
1439中和 2019年06月23日
1440南紡 2019年06月23日
1441大東 2019年06月23日
1442名軒 2019年06月23日
1443立益 2019年06月23日
1444力麗 2019年06月23日
1445大宇 2019年06月23日
1446宏和 2019年06月23日
1447力鵬 2019年06月23日
1449佳和 2019年06月23日
1451年興 2019年06月23日
1452宏益 2019年06月23日
1453大將 2019年06月23日
1454台富 2019年06月23日
1455集盛 2019年06月23日
1456怡華 2019年06月23日
1457宜進 2019年06月23日
1459聯發 2019年06月23日
1460宏遠 2019年06月23日
1463強盛 2019年06月23日
1464得力 2019年06月23日
1465偉全 2019年06月23日
1466聚隆 2019年06月23日
1467南緯 2019年06月23日
1468昶和 2019年06月23日
1470大統新創 2019年06月23日
1471首利 2019年06月23日
1472三洋紡 2019年06月23日
1473台南 2019年06月23日
1474弘裕 2019年06月23日
1475本盟 2019年06月23日
1476儒鴻 2019年06月23日
1477聚陽 2019年06月23日
1503士電 2019年06月23日
1504東元 2019年06月23日
1506正道 2019年06月23日
1507永大 2019年06月23日
1512瑞利 2019年06月23日
1513中興電 2019年06月23日
1514亞力 2019年06月23日
1515力山 2019年06月23日
1516川飛 2019年06月23日
1517利奇 2019年06月23日
1519華城 2019年06月23日
1521大億 2019年06月23日
1522堤維西 2019年06月23日
1524耿鼎 2019年06月23日
1525江申 2019年06月23日
1526日馳 2019年06月23日
1527鑽全 2019年06月23日
1528恩德 2019年06月23日
1529樂士 2019年06月23日
1530亞崴 2019年06月23日
1531高林股 2019年06月23日
1532勤美 2019年06月23日
1533車王電 2019年06月23日
1535中宇 2019年06月23日
1536和大 2019年06月23日
1537廣隆 2019年06月23日
1538正峰新 2019年06月23日
1539巨庭 2019年06月23日
1540喬福 2019年06月23日
1541錩泰 2019年06月23日
1558伸興 2019年06月23日
1560中砂 2019年06月23日
1568倉佑 2019年06月23日
1582信錦 2019年06月23日
1583程泰 2019年06月23日
1587吉茂 2019年06月23日
1589永冠-KY 2019年06月23日
1590亞德客-KY 2019年06月23日
1592英瑞-KY 2019年06月23日
1598岱宇 2019年06月23日
1604聲寶 2019年06月23日
1605華新 2019年06月23日
1608華榮 2019年06月23日
1609大亞 2019年06月23日
1611中電 2019年06月23日
1612宏泰 2019年06月23日
1614三洋電 2019年06月23日
1615大山 2019年06月23日
1616億泰 2019年06月23日
1617榮星 2019年06月23日
1618合機 2019年06月23日
1626艾美特-KY 2019年06月23日
1701中化 2019年06月23日
1702南僑 2019年06月23日
1707葡萄王 2019年06月23日
1708東鹼 2019年06月23日
1709和益 2019年06月23日
1710東聯 2019年06月23日
1711永光 2019年06月23日
1712興農 2019年06月23日
1713國化 2019年06月23日
1714和桐 2019年06月23日
1717長興 2019年06月23日
1718中纖 2019年06月23日
1720生達 2019年06月23日
1721三晃 2019年06月23日
1722台肥 2019年06月23日
1723中碳 2019年06月23日
1724台硝 2019年06月23日
1725元禎 2019年06月23日
1726永記 2019年06月23日
1727中華化 2019年06月23日
1730花仙子 2019年06月23日
1731美吾華 2019年06月23日
1732毛寶 2019年06月23日
1733五鼎 2019年06月23日
1734杏輝 2019年06月23日
1735日勝化 2019年06月23日
1736喬山 2019年06月23日
1737臺鹽 2019年06月23日
1760寶齡富錦 2019年06月23日
1762中化生 2019年06月23日
1773勝一 2019年06月23日
1776展宇 2019年06月23日
1783和康生 2019年06月23日
1786科妍 2019年06月23日
1789神隆 2019年06月23日
1802台玻 2019年06月23日
1805寶徠 2019年06月23日
1806冠軍 2019年06月23日
1808潤隆 2019年06月23日
1809中釉 2019年06月23日
1810和成 2019年06月23日
1817凱撒衛 2019年06月23日
1902台紙 2019年06月23日
1903士紙 2019年06月23日
1904正隆 2019年06月23日
1905華紙 2019年06月23日
1906寶隆 2019年06月23日
1907永豐餘 2019年06月23日
1909榮成 2019年06月23日
2002中鋼 2019年06月23日
2006東和鋼鐵 2019年06月23日
2007燁興 2019年06月23日
2008高興昌 2019年06月23日
2009第一銅 2019年06月23日
2010春源 2019年06月23日
2012春雨 2019年06月23日
2013中鋼構 2019年06月23日
2014中鴻 2019年06月23日
2015豐興 2019年06月23日
2017官田鋼 2019年06月23日
2020美亞 2019年06月23日
2022聚亨 2019年06月23日
2023燁輝 2019年06月23日
2024志聯 2019年06月23日
2025千興 2019年06月23日
2027大成鋼 2019年06月23日
2028威致 2019年06月23日
2029盛餘 2019年06月23日
2030彰源 2019年06月23日
2031新光鋼 2019年06月23日
2032新鋼 2019年06月23日
2033佳大 2019年06月23日
2034允強 2019年06月23日
2038海光 2019年06月23日
2049上銀 2019年06月23日
2059川湖 2019年06月23日
2062橋椿 2019年06月23日
2069運錩 2019年06月23日
2101南港 2019年06月23日
2102泰豐 2019年06月23日
2103台橡 2019年06月23日
2104國際中橡 2019年06月23日
2105正新 2019年06月23日
2106建大 2019年06月23日
2107厚生 2019年06月23日
2108南帝 2019年06月23日
2109華豐 2019年06月23日
2114鑫永銓 2019年06月23日
2115六暉-KY 2019年06月23日
2201裕隆 2019年06月23日
2204中華 2019年06月23日
2206三陽工業 2019年06月23日
2207和泰車 2019年06月23日
2208台船 2019年06月23日
2227裕日車 2019年06月23日
2228劍麟 2019年06月23日
2231為升 2019年06月23日
2236百達-KY 2019年06月23日
2239英利-KY 2019年06月23日
2243宏旭-KY 2019年06月23日
2301光寶科 2019年06月23日
2302麗正 2019年06月23日
2303聯電 2019年06月23日
2305全友 2019年06月23日
2308台達電 2019年06月23日
2312金寶 2019年06月23日
2313華通 2019年06月23日
2314台揚 2019年06月23日
2316楠梓電 2019年06月23日
2317鴻海 2019年06月23日
2321東訊 2019年06月23日
2323中環 2019年06月23日
2324仁寶 2019年06月23日
2327國巨 2019年06月23日
2328廣宇 2019年06月23日
2329華泰 2019年06月23日
2330台積電 2019年06月23日
2331精英 2019年06月23日
2332友訊 2019年06月23日
2337旺宏 2019年06月23日
2338光罩 2019年06月23日
2340光磊 2019年06月23日
2342茂矽 2019年06月23日
2344華邦電 2019年06月23日
2345智邦 2019年06月23日
2347聯強 2019年06月23日
2348海悅 2019年06月23日
2349錸德 2019年06月23日
2351順德 2019年06月23日
2352佳世達 2019年06月23日
2353宏碁 2019年06月23日
2354鴻準 2019年06月23日
2355敬鵬 2019年06月23日
2356英業達 2019年06月23日
2357華碩 2019年06月23日
2358廷鑫 2019年06月23日
2359所羅門 2019年06月23日
2360致茂 2019年06月23日
2362藍天 2019年06月23日
2363矽統 2019年06月23日
2364倫飛 2019年06月23日
2365昆盈 2019年06月23日
2367燿華 2019年06月23日
2368金像電 2019年06月23日
2369菱生 2019年06月23日
2371大同 2019年06月23日
2373震旦行 2019年06月23日
2374佳能 2019年06月23日
2375智寶 2019年06月23日
2376技嘉 2019年06月23日
2377微星 2019年06月23日
2379瑞昱 2019年06月23日
2380虹光 2019年06月23日
2382廣達 2019年06月23日
2383台光電 2019年06月23日
2385群光 2019年06月23日
2387精元 2019年06月23日
2388威盛 2019年06月23日
2390云辰 2019年06月23日
2392正崴 2019年06月23日
2393億光 2019年06月23日
2395研華 2019年06月23日
2397友通 2019年06月23日
2399映泰 2019年06月23日
2401凌陽 2019年06月23日
2402毅嘉 2019年06月23日
2404漢唐 2019年06月23日
2405浩鑫 2019年06月23日
2406國碩 2019年06月23日
2408南亞科 2019年06月23日
2409友達 2019年06月23日
2412中華電 2019年06月23日
2413環科 2019年06月23日
2414精技 2019年06月23日
2415錩新 2019年06月23日
2417圓剛 2019年06月23日
2419仲琦 2019年06月23日
2420新巨 2019年06月23日
2421建準 2019年06月23日
2423固緯 2019年06月23日
2424隴華 2019年06月23日
2425承啟 2019年06月23日
2426鼎元 2019年06月23日
2427三商電 2019年06月23日
2428興勤 2019年06月23日
2429銘旺科 2019年06月23日
2430燦坤 2019年06月23日
2431聯昌 2019年06月23日
2433互盛電 2019年06月23日
2434統懋 2019年06月23日
2436偉詮電 2019年06月23日
2438翔耀 2019年06月23日
2439美律 2019年06月23日
2440太空梭 2019年06月23日
2441超豐 2019年06月23日
2442新美齊 2019年06月23日
2443新利虹 2019年06月23日
2444兆勁 2019年06月23日
2448晶電 2019年06月23日
2449京元電子 2019年06月23日
2450神腦 2019年06月23日
2451創見 2019年06月23日
2453凌群 2019年06月23日
2454聯發科 2019年06月23日
2455全新 2019年06月23日
2456奇力新 2019年06月23日
2457飛宏 2019年06月23日
2458義隆 2019年06月23日
2459敦吉 2019年06月23日
2460建通 2019年06月23日
2461光群雷 2019年06月23日
2462良得電 2019年06月23日
2464盟立 2019年06月23日
2465麗臺 2019年06月23日
2466冠西電 2019年06月23日
2467志聖 2019年06月23日
2468華經 2019年06月23日
2471資通 2019年06月23日
2472立隆電 2019年06月23日
2474可成 2019年06月23日
2476鉅祥 2019年06月23日
2477美隆電 2019年06月23日
2478大毅 2019年06月23日
2480敦陽科 2019年06月23日
2481強茂 2019年06月23日
2482連宇 2019年06月23日
2483百容 2019年06月23日
2484希華 2019年06月23日
2485兆赫 2019年06月23日
2486一詮 2019年06月23日
2488漢平 2019年06月23日
2489瑞軒 2019年06月23日
2491吉祥全 2019年06月23日
2492華新科 2019年06月23日
2493揚博 2019年06月23日
2495普安 2019年06月23日
2496卓越 2019年06月23日
2497怡利電 2019年06月23日
2498宏達電 2019年06月23日
2499東貝 2019年06月23日
2501國建 2019年06月23日
2504國產 2019年06月23日
2505國揚 2019年06月23日
2506太設 2019年06月23日
2509全坤建 2019年06月23日
2511太子 2019年06月23日
2514龍邦 2019年06月23日
2515中工 2019年06月23日
2516新建 2019年06月23日
2520冠德 2019年06月23日
2524京城 2019年06月23日
2527宏璟 2019年06月23日
2528皇普 2019年06月23日
2530華建 2019年06月23日
2534宏盛 2019年06月23日
2535達欣工 2019年06月23日
2536宏普 2019年06月23日
2537聯上發 2019年06月23日
2538基泰 2019年06月23日
2539櫻花建 2019年06月23日
2540愛山林 2019年06月23日
2542興富發 2019年06月23日
2543皇昌 2019年06月23日
2545皇翔 2019年06月23日
2546根基 2019年06月23日
2547日勝生 2019年06月23日
2548華固 2019年06月23日
2597潤弘 2019年06月23日
2601益航 2019年06月23日
2603長榮 2019年06月23日
2605新興 2019年06月23日
2606裕民 2019年06月23日
2607榮運 2019年06月23日
2608嘉里大榮 2019年06月23日
2609陽明 2019年06月23日
2610華航 2019年06月23日
2611志信 2019年06月23日
2612中航 2019年06月23日
2613中櫃 2019年06月23日
2614東森 2019年06月23日
2615萬海 2019年06月23日
2616山隆 2019年06月23日
2617台航 2019年06月23日
2618長榮航 2019年06月23日
2630亞航 2019年06月23日
2633台灣高鐵 2019年06月23日
2634漢翔 2019年06月23日
2636台驊投控 2019年06月23日
2637慧洋-KY 2019年06月23日
2642宅配通 2019年06月23日
2701萬企 2019年06月23日
2702華園 2019年06月23日
2704國賓 2019年06月23日
2705六福 2019年06月23日
2706第一店 2019年06月23日
2707晶華 2019年06月23日
2712遠雄來 2019年06月23日
2722夏都 2019年06月23日
2723美食-KY 2019年06月23日
2727王品 2019年06月23日
2731雄獅 2019年06月23日
2739寒舍 2019年06月23日
2748雲品 2019年06月23日
2801彰銀 2019年06月23日
2809京城銀 2019年06月23日
2812台中銀 2019年06月23日
2816旺旺保 2019年06月23日
2820華票 2019年06月23日
2823中壽 2019年06月23日
2832台產 2019年06月23日
2834臺企銀 2019年06月23日
2836高雄銀 2019年06月23日
2838聯邦銀 2019年06月23日
2841台開 2019年06月23日
2845遠東銀 2019年06月23日
2849安泰銀 2019年06月23日
2850新產 2019年06月23日
2851中再保 2019年06月23日
2852第一保 2019年06月23日
2855統一證 2019年06月23日
2867三商壽 2019年06月23日
2880華南金 2019年06月23日
2881富邦金 2019年06月23日
2882國泰金 2019年06月23日
2883開發金 2019年06月23日
2884玉山金 2019年06月23日
2885元大金 2019年06月23日
2886兆豐金 2019年06月23日
2887台新金 2019年06月23日
2888新光金 2019年06月23日
2889國票金 2019年06月23日
2890永豐金 2019年06月23日
2891中信金 2019年06月23日
2892第一金 2019年06月23日
2897王道銀行 2019年06月23日
2901欣欣 2019年06月23日
2903遠百 2019年06月23日
2904匯僑 2019年06月23日
2905三商 2019年06月23日
2906高林 2019年06月23日
2908特力 2019年06月23日
2910統領 2019年06月23日
2911麗嬰房 2019年06月23日
2912統一超 2019年06月23日
2913農林 2019年06月23日
2915潤泰全 2019年06月23日
2923鼎固-KY 2019年06月23日
2929淘帝-KY 2019年06月23日
2936客思達-KY 2019年06月23日
2939凱羿-KY 2019年06月23日
3002歐格 2019年06月23日
3003健和興 2019年06月23日
3004豐達科 2019年06月23日
3005神基 2019年06月23日
3006晶豪科 2019年06月23日
3008大立光 2019年06月23日
3010華立 2019年06月23日
3011今皓 2019年06月23日
3013晟銘電 2019年06月23日
3014聯陽 2019年06月23日
3015全漢 2019年06月23日
3016嘉晶 2019年06月23日
3017奇鋐 2019年06月23日
3018同開 2019年06月23日
3019亞光 2019年06月23日
3021鴻名 2019年06月23日
3022威強電 2019年06月23日
3023信邦 2019年06月23日
3024憶聲 2019年06月23日
3025星通 2019年06月23日
3026禾伸堂 2019年06月23日
3027盛達 2019年06月23日
3028增你強 2019年06月23日
3029零壹 2019年06月23日
3030德律 2019年06月23日
3031佰鴻 2019年06月23日
3032偉訓 2019年06月23日
3033威健 2019年06月23日
3034聯詠 2019年06月23日
3035智原 2019年06月23日
3036文曄 2019年06月23日
3037欣興 2019年06月23日
3038全台 2019年06月23日
3040遠見 2019年06月23日
3041揚智 2019年06月23日
3042晶技 2019年06月23日
3043科風 2019年06月23日
3044健鼎 2019年06月23日
3045台灣大 2019年06月23日
3046建碁 2019年06月23日
3047訊舟 2019年06月23日
3048益登 2019年06月23日
3049和鑫 2019年06月23日
3050鈺德 2019年06月23日
3051力特 2019年06月23日
3052夆典 2019年06月23日
3054立萬利 2019年06月23日
3055蔚華科 2019年06月23日
3056總太 2019年06月23日
3057喬鼎 2019年06月23日
3058立德 2019年06月23日
3059華晶科 2019年06月23日
3060銘異 2019年06月23日
3062建漢 2019年06月23日
3090日電貿 2019年06月23日
3094聯傑 2019年06月23日
3130一零四 2019年06月23日
3149正達 2019年06月23日
3164景岳 2019年06月23日
3167大量 2019年06月23日
3189景碩 2019年06月23日
3209全科 2019年06月23日
3229晟鈦 2019年06月23日
3231緯創 2019年06月23日
3257虹冠電 2019年06月23日
3266昇陽 2019年06月23日
3296勝德 2019年06月23日
3305昇貿 2019年06月23日
3308聯德 2019年06月23日
3311閎暉 2019年06月23日
3312弘憶股 2019年06月23日
3321同泰 2019年06月23日
3338泰碩 2019年06月23日
3346麗清 2019年06月23日
3356奇偶 2019年06月23日
3376新日興 2019年06月23日
3380明泰 2019年06月23日
3383新世紀 2019年06月23日
3406玉晶光 2019年06月23日
3413京鼎 2019年06月23日
3416融程電 2019年06月23日
3419譁裕 2019年06月23日
3432台端 2019年06月23日
3437榮創 2019年06月23日
3443創意 2019年06月23日
3450聯鈞 2019年06月23日
3454晶睿 2019年06月23日
3481群創 2019年06月23日
3494誠研 2019年06月23日
3501維熹 2019年06月23日
3504揚明光 2019年06月23日
3515華擎 2019年06月23日
3518柏騰 2019年06月23日
3528安馳 2019年06月23日
3530晶相光 2019年06月23日
3532台勝科 2019年06月23日
3533嘉澤 2019年06月23日
3535晶彩科 2019年06月23日
3536誠創 2019年06月23日
3545敦泰 2019年06月23日
3550聯穎 2019年06月23日
3557嘉威 2019年06月23日
3563牧德 2019年06月23日
3576聯合再生 2019年06月23日
3579尚志 2019年06月23日
3583辛耘 2019年06月23日
3588通嘉 2019年06月23日
3591艾笛森 2019年06月23日
3593力銘 2019年06月23日
3596智易 2019年06月23日
3605宏致 2019年06月23日
3607谷崧 2019年06月23日
3617碩天 2019年06月23日
3622洋華 2019年06月23日
3645達邁 2019年06月23日
3653健策 2019年06月23日
3661世芯-KY 2019年06月23日
3665貿聯-KY 2019年06月23日
3669圓展 2019年06月23日
3673TPK-KY 2019年06月23日
3679新至陞 2019年06月23日
3682亞太電 2019年06月23日
3686達能 2019年06月23日
3694海華 2019年06月23日
3698隆達 2019年06月23日
3701大眾控 2019年06月23日
3702大聯大 2019年06月23日
3703欣陸 2019年06月23日
3704合勤控 2019年06月23日
3705永信 2019年06月23日
3706神達 2019年06月23日
3708上緯投控 2019年06月23日
3711日月光投控 2019年06月23日
3712永崴投控 2019年06月23日
4104佳醫 2019年06月23日
4106雃博 2019年06月23日
4108懷特 2019年06月23日
4119旭富 2019年06月23日
4133亞諾法 2019年06月23日
4137麗豐-KY 2019年06月23日
4141龍燈-KY 2019年06月23日
4142國光生 2019年06月23日
4144康聯-KY 2019年06月23日
4148全宇生技-KY 2019年06月23日
4155訊映 2019年06月23日
4164承業醫 2019年06月23日
4190佐登-KY 2019年06月23日
4306炎洲 2019年06月23日
4414如興 2019年06月23日
4426利勤 2019年06月23日
4438廣越 2019年06月23日
4526東台 2019年06月23日
4532瑞智 2019年06月23日
4536拓凱 2019年06月23日
4540全球傳動 2019年06月23日
4545銘鈺 2019年06月23日
4551智伸科 2019年06月23日
4552力達-KY 2019年06月23日
4555氣立 2019年06月23日
4557永新-KY 2019年06月23日
4560強信-KY 2019年06月23日
4562穎漢 2019年06月23日
4564元翎 2019年06月23日
4566時碩工業 2019年06月23日
4720德淵 2019年06月23日
4722國精化 2019年06月23日
4725信昌化 2019年06月23日
4737華廣 2019年06月23日
4739康普 2019年06月23日
4746台耀 2019年06月23日
4755三福化 2019年06月23日
4763材料-KY 2019年06月23日
4764雙鍵 2019年06月23日
4766南寶 2019年06月23日
4807日成-KY 2019年06月23日
4904遠傳 2019年06月23日
4906正文 2019年06月23日
4912聯德控股-KY 2019年06月23日
4915致伸 2019年06月23日
4916事欣科 2019年06月23日
4919新唐 2019年06月23日
4927泰鼎-KY 2019年06月23日
4930燦星網 2019年06月23日
4934太極 2019年06月23日
4935茂林-KY 2019年06月23日
4938和碩 2019年06月23日
4942嘉彰 2019年06月23日
4943康控-KY 2019年06月23日
4952凌通 2019年06月23日
4956光鋐 2019年06月23日
4958臻鼎-KY 2019年06月23日
4960誠美材 2019年06月23日
4961天鈺 2019年06月23日
4967十銓 2019年06月23日
4968立積 2019年06月23日
4976佳凌 2019年06月23日
4977眾達-KY 2019年06月23日
4989榮科 2019年06月23日
4994傳奇 2019年06月23日
4999鑫禾 2019年06月23日
5007三星 2019年06月23日
5203訊連 2019年06月23日
5215科嘉-KY 2019年06月23日
5225東科-KY 2019年06月23日
5234達興材料 2019年06月23日
5243乙盛-KY 2019年06月23日
5258虹堡 2019年06月23日
5264鎧勝-KY 2019年06月23日
5269祥碩 2019年06月23日
5283禾聯碩 2019年06月23日
5284jpp-KY 2019年06月23日
5285界霖 2019年06月23日
5288豐祥-KY 2019年06月23日
5305敦南 2019年06月23日
5388中磊 2019年06月23日
5434崇越 2019年06月23日
5469瀚宇博 2019年06月23日
5471松翰 2019年06月23日
5484慧友 2019年06月23日
5515建國 2019年06月23日
5519隆大 2019年06月23日
5521工信 2019年06月23日
5522遠雄 2019年06月23日
5525順天 2019年06月23日
5531鄉林 2019年06月23日
5533皇鼎 2019年06月23日
5534長虹 2019年06月23日
5538東明-KY 2019年06月23日
5607遠雄港 2019年06月23日
5608四維航 2019年06月23日
5706鳳凰 2019年06月23日
5871中租-KY 2019年06月23日
5876上海商銀 2019年06月23日
5880合庫金 2019年06月23日
5906台南-KY 2019年06月23日
5907大洋-KY 2019年06月23日
6005群益證 2019年06月23日
6024群益期 2019年06月23日
6108競國 2019年06月23日
6112聚碩 2019年06月23日
6115鎰勝 2019年06月23日
6116彩晶 2019年06月23日
6117迎廣 2019年06月23日
6120達運 2019年06月23日
6128上福 2019年06月23日
6131悠克 2019年06月23日
6133金橋 2019年06月23日
6136富爾特 2019年06月23日
6139亞翔 2019年06月23日
6141柏承 2019年06月23日
6142友勁 2019年06月23日
6152百一 2019年06月23日
6153嘉聯益 2019年06月23日
6155鈞寶 2019年06月23日
6164華興 2019年06月23日
6165捷泰 2019年06月23日
6166凌華 2019年06月23日
6168宏齊 2019年06月23日
6172互億 2019年06月23日
6176瑞儀 2019年06月23日
6177達麗 2019年06月23日
6183關貿 2019年06月23日
6184大豐電 2019年06月23日
6189豐藝 2019年06月23日
6191精成科 2019年06月23日
6192巨路 2019年06月23日
6196帆宣 2019年06月23日
6197佳必琪 2019年06月23日
6201亞弘電 2019年06月23日
6202盛群 2019年06月23日
6205詮欣 2019年06月23日
6206飛捷 2019年06月23日
6209今國光 2019年06月23日
6213聯茂 2019年06月23日
6214精誠 2019年06月23日
6215和椿 2019年06月23日
6216居易 2019年06月23日
6224聚鼎 2019年06月23日
6225天瀚 2019年06月23日
6226光鼎 2019年06月23日
6230超眾 2019年06月23日
6235華孚 2019年06月23日
6239力成 2019年06月23日
6243迅杰 2019年06月23日
6251定穎 2019年06月23日
6257矽格 2019年06月23日
6269台郡 2019年06月23日
6271同欣電 2019年06月23日
6277宏正 2019年06月23日
6278台表科 2019年06月23日
6281全國電 2019年06月23日
6282康舒 2019年06月23日
6283淳安 2019年06月23日
6285啟碁 2019年06月23日
6288聯嘉 2019年06月23日
6289華上 2019年06月23日
6405悅城 2019年06月23日
6409旭隼 2019年06月23日
6412群電 2019年06月23日
6414樺漢 2019年06月23日
6415矽力-KY 2019年06月23日
6416瑞祺電通 2019年06月23日
6431光麗-KY 2019年06月23日
6442光聖 2019年06月23日
6443元晶 2019年06月23日
6449鈺邦 2019年06月23日
6451訊芯-KY 2019年06月23日
6452康友-KY 2019年06月23日
6456GIS-KY 2019年06月23日
6464台數科 2019年06月23日
6477安集 2019年06月23日
6504南六 2019年06月23日
6505台塑化 2019年06月23日
6525捷敏-KY 2019年06月23日
6531愛普 2019年06月23日
6533晶心科 2019年06月23日
6541泰福-KY 2019年06月23日
6552易華電 2019年06月23日
6558興能高 2019年06月23日
6573虹揚-KY 2019年06月23日
6579研揚 2019年06月23日
6581鋼聯 2019年06月23日
6582申豐 2019年06月23日
6591動力-KY 2019年06月23日
6605帝寶 2019年06月23日
6625必應 2019年06月23日
6641基士德-KY 2019年06月23日
6655科定 2019年06月23日
6666羅麗芬-KY 2019年06月23日
6668中揚光 2019年06月23日
6669緯穎 2019年06月23日
6670復盛應用 2019年06月23日
6671三能-KY 2019年06月23日
6672騰輝電子-KY 2019年06月23日
6674鋐寶科技 2019年06月23日
8011台通 2019年06月23日
8016矽創 2019年06月23日
8021尖點 2019年06月23日
8028昇陽半導體 2019年06月23日
8033雷虎 2019年06月23日
8039台虹 2019年06月23日
8046南電 2019年06月23日
8070長華 2019年06月23日
8072陞泰 2019年06月23日
8081致新 2019年06月23日
8101華冠 2019年06月23日
8103瀚荃 2019年06月23日
8104錸寶 2019年06月23日
8105凌巨 2019年06月23日
8110華東 2019年06月23日
8112至上 2019年06月23日
8114振樺電 2019年06月23日
8131福懋科 2019年06月23日
8150南茂 2019年06月23日
8163達方 2019年06月23日
8201無敵 2019年06月23日
8210勤誠 2019年06月23日
8213志超 2019年06月23日
8215明基材 2019年06月23日
8222寶一 2019年06月23日
8249菱光 2019年06月23日
8261富鼎 2019年06月23日
8271宇瞻 2019年06月23日
8341日友 2019年06月23日
8367建新國際 2019年06月23日
8374羅昇 2019年06月23日
8404百和興業-KY 2019年06月23日
8411福貞-KY 2019年06月23日
8422可寧衛 2019年06月23日
8427基勝-KY 2019年06月23日
8429金麗-KY 2019年06月23日
8442威宏-KY 2019年06月23日
8443阿瘦 2019年06月23日
8454富邦媒 2019年06月23日
8462柏文 2019年06月23日
8463潤泰材 2019年06月23日
8464億豐 2019年06月23日
8466美喆-KY 2019年06月23日
8467波力-KY 2019年06月23日
8473山林水 2019年06月23日
8478東哥遊艇 2019年06月23日
8480泰昇-KY 2019年06月23日
8481政伸 2019年06月23日
8482商億-KY 2019年06月23日
8488吉源-KY 2019年06月23日
8497格威傳媒 2019年06月23日
8499鼎炫-KY 2019年06月23日
8926台汽電 2019年06月23日
8940新天地 2019年06月23日
8996高力 2019年06月23日
9802鈺齊-KY 2019年06月23日
9902台火 2019年06月23日
9904寶成 2019年06月23日
9905大華 2019年06月23日
9906欣巴巴 2019年06月23日
9907統一實 2019年06月23日
9908大台北 2019年06月23日
9910豐泰 2019年06月23日
9911櫻花 2019年06月23日
9912偉聯 2019年06月23日
9914美利達 2019年06月23日
9917中保 2019年06月23日
9918欣天然 2019年06月23日
9919康那香 2019年06月23日
9921巨大 2019年06月23日
9924福興 2019年06月23日
9925新保 2019年06月23日
9926新海 2019年06月23日
9927泰銘 2019年06月23日
9928中視 2019年06月23日
9929秋雨 2019年06月23日
9930中聯資源 2019年06月23日
9931欣高 2019年06月23日
9933中鼎 2019年06月23日
9934成霖 2019年06月23日
9935慶豐富 2019年06月23日
9937全國 2019年06月23日
9938百和 2019年06月23日
9939宏全 2019年06月23日
9940信義 2019年06月23日
9941裕融 2019年06月23日
9942茂順 2019年06月23日
9943好樂迪 2019年06月23日
9944新麗 2019年06月23日
9945潤泰新 2019年06月23日
9946三發地產 2019年06月23日
9955佳龍 2019年06月23日
9958世紀鋼 2019年06月23日
TAIEX台灣加權指數2019年06月23日
1101台泥    2019年06月23日
1102亞泥    2019年06月23日
1103嘉泥    2019年06月23日
1104環泥    2019年06月23日
1108幸福    2019年06月23日
1109信大    2019年06月23日
1110東泥    2019年06月23日
TAIEX台灣加權指數2019年06月23日
1101台泥    2019年06月23日
1102亞泥    2019年06月23日
1103嘉泥    2019年06月23日
1104環泥    2019年06月23日
1108幸福    2019年06月23日
1109信大    2019年06月23日
1110東泥    2019年06月23日
1201味全    2019年06月23日
1203味王    2019年06月23日
1210大成    2019年06月23日
1215卜蜂    2019年06月23日
1216統一    2019年06月23日
1217愛之味   2019年06月23日
1218泰山    2019年06月23日
1219福壽    2019年06月23日
1220台榮    2019年06月23日
1225福懋油   2019年06月23日
1227佳格    2019年06月23日
1229聯華    2019年06月23日
1231聯華食   2019年06月23日
1232大統益   2019年06月23日
1233天仁    2019年06月23日
1234黑松    2019年06月23日
1235興泰    2019年06月23日
1236宏亞    2019年06月23日
1256鮮活果汁-KY2019年06月23日
1262綠悅-KY 2019年06月23日
1301台塑    2019年06月23日
1303南亞    2019年06月23日
1304台聚    2019年06月23日
1305華夏    2019年06月23日
1307三芳    2019年06月23日
1308亞聚    2019年06月23日
1309台達化   2019年06月23日
1310台苯    2019年06月23日
1312國喬    2019年06月23日
1313聯成    2019年06月23日
1314中石化   2019年06月23日
1315達新    2019年06月23日
1316上曜    2019年06月23日
1319東陽    2019年06月23日
1321大洋    2019年06月23日
1323永裕    2019年06月23日
1324地球    2019年06月23日
1325恆大    2019年06月23日
1326台化    2019年06月23日
1337再生-KY 2019年06月23日
1338廣華-KY 2019年06月23日
1339昭輝    2019年06月23日
1340勝悅-KY 2019年06月23日
1341富林-KY 2019年06月23日
1402遠東新   2019年06月23日
1409新纖    2019年06月23日
1410南染    2019年06月23日
1413宏洲    2019年06月23日
TAIEX台灣加權指數    2019年06月23日
1101台泥         2019年06月23日
1102亞泥         2019年06月23日
1103嘉泥         2019年06月23日
1104環泥         2019年06月23日
1108幸福         2019年06月23日
1109信大         2019年06月23日
1110東泥         2019年06月23日
1201味全         2019年06月23日
1203味王         2019年06月23日
1210大成         2019年06月23日
1215卜蜂         2019年06月23日
1216統一         2019年06月23日
1217愛之味        2019年06月23日
1218泰山         2019年06月23日
1219福壽         2019年06月23日
1220台榮         2019年06月23日
1225福懋油        2019年06月23日
1227佳格         2019年06月23日
1229聯華         2019年06月23日
1231聯華食        2019年06月23日
1232大統益        2019年06月23日
1233天仁         2019年06月23日
1234黑松         2019年06月23日
1235興泰         2019年06月23日
1236宏亞         2019年06月23日
1256鮮活果汁-KY    2019年06月23日
1262綠悅-KY      2019年06月23日
1301台塑         2019年06月23日
1303南亞         2019年06月23日
1304台聚         2019年06月23日
1305華夏         2019年06月23日
1307三芳         2019年06月23日
1308亞聚         2019年06月23日
1309台達化        2019年06月23日
1310台苯         2019年06月23日
1312國喬         2019年06月23日
1313聯成         2019年06月23日
1314中石化        2019年06月23日
1315達新         2019年06月23日
1316上曜         2019年06月23日
1319東陽         2019年06月23日
1321大洋         2019年06月23日
1323永裕         2019年06月23日
1324地球         2019年06月23日
1325恆大         2019年06月23日
1326台化         2019年06月23日
1337再生-KY      2019年06月23日
1338廣華-KY      2019年06月23日
1339昭輝         2019年06月23日
1340勝悅-KY      2019年06月23日
1341富林-KY      2019年06月23日
1402遠東新        2019年06月23日
1409新纖         2019年06月23日
1410南染         2019年06月23日
1413宏洲         2019年06月23日
1414東和         2019年06月23日
1416廣豐         2019年06月23日
1417嘉裕         2019年06月23日
1418東華         2019年06月23日
1419新紡         2019年06月23日
1423利華         2019年06月23日
1432大魯閣        2019年06月23日
1434福懋         2019年06月23日
1435中福         2019年06月23日
1436華友聯        2019年06月23日
1437勤益控        2019年06月23日
1438裕豐         2019年06月23日
1439中和         2019年06月23日
1440南紡         2019年06月23日
1441大東         2019年06月23日
1442名軒         2019年06月23日
1443立益         2019年06月23日
1444力麗         2019年06月23日
1445大宇         2019年06月23日
1446宏和         2019年06月23日
1447力鵬         2019年06月23日
1449佳和         2019年06月23日
1451年興         2019年06月23日
1452宏益         2019年06月23日
1453大將         2019年06月23日
1454台富         2019年06月23日
1455集盛         2019年06月23日
1456怡華         2019年06月23日
1457宜進         2019年06月23日
1459聯發         2019年06月23日
1460宏遠         2019年06月23日
1463強盛         2019年06月23日
1464得力         2019年06月23日
1465偉全         2019年06月23日
1466聚隆         2019年06月23日
1467南緯         2019年06月23日
1468昶和         2019年06月23日
1470大統新創       2019年06月23日
1471首利         2019年06月23日
1472三洋紡        2019年06月23日
1473台南         2019年06月23日
1474弘裕         2019年06月23日
1475本盟         2019年06月23日
1476儒鴻         2019年06月23日
1477聚陽         2019年06月23日
1503士電         2019年06月23日
1504東元         2019年06月23日
1506正道         2019年06月23日
1507永大         2019年06月23日
1512瑞利         2019年06月23日
1513中興電        2019年06月23日
1514亞力         2019年06月23日
1515力山         2019年06月23日
1516川飛         2019年06月23日
1517利奇         2019年06月23日
TAIEX台灣加權指數2019年06月23日
1101台泥2019年06月23日
1102亞泥2019年06月23日
1103嘉泥2019年06月23日
TAIEX台灣加權指數2019年06月23日
1101台泥    2019年06月23日
1102亞泥    2019年06月23日
1103嘉泥    2019年06月23日
1104環泥    2019年06月23日
1108幸福    2019年06月23日
1109信大    2019年06月23日
1110東泥    2019年06月23日
1201味全    2019年06月23日
1203味王    2019年06月23日
1210大成    2019年06月23日
1215卜蜂    2019年06月23日
1216統一    2019年06月23日
1217愛之味   2019年06月23日
1218泰山    2019年06月23日
1219福壽    2019年06月23日
1220台榮    2019年06月23日
1225福懋油   2019年06月23日
1227佳格    2019年06月23日
1229聯華    2019年06月23日
1231聯華食   2019年06月23日
1232大統益   2019年06月23日
1233天仁    2019年06月23日
1234黑松    2019年06月23日
1235興泰    2019年06月23日
1236宏亞    2019年06月23日
1256鮮活果汁-KY2019年06月23日
1262綠悅-KY 2019年06月23日
1301台塑    2019年06月23日
1303南亞    2019年06月23日
1304台聚    2019年06月23日
1305華夏    2019年06月23日
1307三芳    2019年06月23日
1308亞聚    2019年06月23日
1309台達化   2019年06月23日
1310台苯    2019年06月23日
1312國喬    2019年06月23日
1313聯成    2019年06月23日
1314中石化   2019年06月23日
1315達新    2019年06月23日
1316上曜    2019年06月23日
1319東陽    2019年06月23日
1321大洋    2019年06月23日
1323永裕    2019年06月23日
1324地球    2019年06月23日
1325恆大    2019年06月23日
1326台化    2019年06月23日
1337再生-KY 2019年06月23日
1338廣華-KY 2019年06月23日
1339昭輝    2019年06月23日
1340勝悅-KY 2019年06月23日
1341富林-KY 2019年06月23日
1402遠東新   2019年06月23日
1409新纖    2019年06月23日
1410南染    2019年06月23日
1413宏洲    2019年06月23日
1414東和    2019年06月23日
1416廣豐    2019年06月23日
1417嘉裕    2019年06月23日
1418東華    2019年06月23日
1419新紡    2019年06月23日
1423利華    2019年06月23日
1432大魯閣   2019年06月23日
1434福懋    2019年06月23日
1435中福    2019年06月23日
1436華友聯   2019年06月23日
1437勤益控   2019年06月23日
1438裕豐    2019年06月23日
1439中和    2019年06月23日
1440南紡    2019年06月23日
1441大東    2019年06月23日
1442名軒    2019年06月23日
1443立益    2019年06月23日
1444力麗    2019年06月23日
1445大宇    2019年06月23日
1446宏和    2019年06月23日
1447力鵬    2019年06月23日
1449佳和    2019年06月23日
1451年興    2019年06月23日
1452宏益    2019年06月23日
1453大將    2019年06月23日
1454台富    2019年06月23日
1455集盛    2019年06月23日
1456怡華    2019年06月23日
1457宜進    2019年06月23日
1459聯發    2019年06月23日
1460宏遠    2019年06月23日
1463強盛    2019年06月23日
1464得力    2019年06月23日
1465偉全    2019年06月23日
1466聚隆    2019年06月23日
1467南緯    2019年06月23日
1468昶和    2019年06月23日
1470大統新創  2019年06月23日
1471首利    2019年06月23日
1472三洋紡   2019年06月23日
1473台南    2019年06月23日
1474弘裕    2019年06月23日
1475本盟    2019年06月23日
1476儒鴻    2019年06月23日
1477聚陽    2019年06月23日
1503士電    2019年06月23日
1504東元    2019年06月23日
1506正道    2019年06月23日
1507永大    2019年06月23日
1512瑞利    2019年06月23日
1513中興電   2019年06月23日
1514亞力    2019年06月23日
1515力山    2019年06月23日
1516川飛    2019年06月23日
1517利奇    2019年06月23日
1519華城    2019年06月23日
1521大億    2019年06月23日
1522堤維西   2019年06月23日
1524耿鼎    2019年06月23日
1525江申    2019年06月23日
1526日馳    2019年06月23日
1527鑽全    2019年06月23日
1528恩德    2019年06月23日
1529樂士    2019年06月23日
1530亞崴    2019年06月23日
1531高林股   2019年06月23日
1532勤美    2019年06月23日
1533車王電   2019年06月23日
1535中宇    2019年06月23日
1536和大    2019年06月23日
1537廣隆    2019年06月23日
1538正峰新   2019年06月23日
1539巨庭    2019年06月23日
1540喬福    2019年06月23日
1541錩泰    2019年06月23日
1558伸興    2019年06月23日
1560中砂    2019年06月23日
1568倉佑    2019年06月23日
1582信錦    2019年06月23日
1583程泰    2019年06月23日
1587吉茂    2019年06月23日
1589永冠-KY 2019年06月23日
1590亞德客-KY2019年06月23日
1592英瑞-KY 2019年06月23日
1598岱宇    2019年06月23日
1604聲寶    2019年06月23日
1605華新    2019年06月23日
1608華榮    2019年06月23日
1609大亞    2019年06月23日
1611中電    2019年06月23日
1612宏泰    2019年06月23日
1614三洋電   2019年06月23日
1615大山    2019年06月23日
1616億泰    2019年06月23日
1617榮星    2019年06月23日
1618合機    2019年06月23日
1626艾美特-KY2019年06月23日
1701中化    2019年06月23日
1702南僑    2019年06月23日
1707葡萄王   2019年06月23日
1708東鹼    2019年06月23日
1709和益    2019年06月23日
1710東聯    2019年06月23日
1711永光    2019年06月23日
1712興農    2019年06月23日
1713國化    2019年06月23日
1714和桐    2019年06月23日
1717長興    2019年06月23日
1718中纖    2019年06月23日
1720生達    2019年06月23日
1721三晃    2019年06月23日
1722台肥    2019年06月23日
1723中碳    2019年06月23日
1724台硝    2019年06月23日
1725元禎    2019年06月23日
1726永記    2019年06月23日
1727中華化   2019年06月23日
1730花仙子   2019年06月23日
1731美吾華   2019年06月23日
1732毛寶    2019年06月23日
1733五鼎    2019年06月23日
1734杏輝    2019年06月23日
1735日勝化   2019年06月23日
1736喬山    2019年06月23日
1737臺鹽    2019年06月23日
1760寶齡富錦  2019年06月23日
1762中化生   2019年06月23日
1773勝一    2019年06月23日
1776展宇    2019年06月23日
1783和康生   2019年06月23日
1786科妍    2019年06月23日
1789神隆    2019年06月23日
1802台玻    2019年06月23日
1805寶徠    2019年06月23日
1806冠軍    2019年06月23日
1808潤隆    2019年06月23日
1809中釉    2019年06月23日
1810和成    2019年06月23日
1817凱撒衛   2019年06月23日
1902台紙    2019年06月23日
1903士紙    2019年06月23日
1904正隆    2019年06月23日
1905華紙    2019年06月23日
1906寶隆    2019年06月23日
1907永豐餘   2019年06月23日
1909榮成    2019年06月23日
2002中鋼    2019年06月23日
2006東和鋼鐵  2019年06月23日
2007燁興    2019年06月23日
2008高興昌   2019年06月23日
2009第一銅   2019年06月23日
2010春源    2019年06月23日
2012春雨    2019年06月23日
2013中鋼構   2019年06月23日
2014中鴻    2019年06月23日
2015豐興    2019年06月23日
2017官田鋼   2019年06月23日
2020美亞    2019年06月23日
2022聚亨    2019年06月23日
2023燁輝    2019年06月23日
2024志聯    2019年06月23日
2025千興    2019年06月23日
2027大成鋼   2019年06月23日
2028威致    2019年06月23日
2029盛餘    2019年06月23日
2030彰源    2019年06月23日
2031新光鋼   2019年06月23日
2032新鋼    2019年06月23日
2033佳大    2019年06月23日
2034允強    2019年06月23日
2038海光    2019年06月23日
2049上銀    2019年06月23日
2059川湖    2019年06月23日
2062橋椿    2019年06月23日
2069運錩    2019年06月23日
2101南港    2019年06月23日
2102泰豐    2019年06月23日
2103台橡    2019年06月23日
2104國際中橡  2019年06月23日
2105正新    2019年06月23日
2106建大    2019年06月23日
2107厚生    2019年06月23日
2108南帝    2019年06月23日
2109華豐    2019年06月23日
2114鑫永銓   2019年06月23日
2115六暉-KY 2019年06月23日
2201裕隆    2019年06月23日
2204中華    2019年06月23日
2206三陽工業  2019年06月23日
2207和泰車   2019年06月23日
2208台船    2019年06月23日
2227裕日車   2019年06月23日
2228劍麟    2019年06月23日
2231為升    2019年06月23日
2236百達-KY 2019年06月23日
2239英利-KY 2019年06月23日
2243宏旭-KY 2019年06月23日
2301光寶科   2019年06月23日
2302麗正    2019年06月23日
2303聯電    2019年06月23日
2305全友    2019年06月23日
2308台達電   2019年06月23日
2312金寶    2019年06月23日
2313華通    2019年06月23日
2314台揚    2019年06月23日
2316楠梓電   2019年06月23日
2317鴻海    2019年06月23日
2321東訊    2019年06月23日
2323中環    2019年06月23日
2324仁寶    2019年06月23日
2327國巨    2019年06月23日
2328廣宇    2019年06月23日
2329華泰    2019年06月23日
2330台積電   2019年06月23日
2331精英    2019年06月23日
2332友訊    2019年06月23日
2337旺宏    2019年06月23日
2338光罩    2019年06月23日
2340光磊    2019年06月23日
2342茂矽    2019年06月23日
2344華邦電   2019年06月23日
2345智邦    2019年06月23日
2347聯強    2019年06月23日
2348海悅    2019年06月23日
2349錸德    2019年06月23日
2351順德    2019年06月23日
2352佳世達   2019年06月23日
2353宏碁    2019年06月23日
2354鴻準    2019年06月23日
2355敬鵬    2019年06月23日
2356英業達   2019年06月23日
2357華碩    2019年06月23日
2358廷鑫    2019年06月23日
2359所羅門   2019年06月23日
2360致茂    2019年06月23日
2362藍天    2019年06月23日
2363矽統    2019年06月23日
2364倫飛    2019年06月23日
2365昆盈    2019年06月23日
2367燿華    2019年06月23日
2368金像電   2019年06月23日
2369菱生    2019年06月23日
2371大同    2019年06月23日
2373震旦行   2019年06月23日
2374佳能    2019年06月23日
2375智寶    2019年06月23日
2376技嘉    2019年06月23日
2377微星    2019年06月23日
2379瑞昱    2019年06月23日
2380虹光    2019年06月23日
2382廣達    2019年06月23日
2383台光電   2019年06月23日
2385群光    2019年06月23日
2387精元    2019年06月23日
2388威盛    2019年06月23日
2390云辰    2019年06月23日
2392正崴    2019年06月23日
2393億光    2019年06月23日
2395研華    2019年06月23日
2397友通    2019年06月23日
2399映泰    2019年06月23日
2401凌陽    2019年06月23日
2402毅嘉    2019年06月23日
2404漢唐    2019年06月23日
2405浩鑫    2019年06月23日
2406國碩    2019年06月23日
2408南亞科   2019年06月23日
2409友達    2019年06月23日
2412中華電   2019年06月23日
2413環科    2019年06月23日
2414精技    2019年06月23日
2415錩新    2019年06月23日
2417圓剛    2019年06月23日
2419仲琦    2019年06月23日
2420新巨    2019年06月23日
2421建準    2019年06月23日
2423固緯    2019年06月23日
2424隴華    2019年06月23日
2425承啟    2019年06月23日
2426鼎元    2019年06月23日
2427三商電   2019年06月23日
2428興勤    2019年06月23日
2429銘旺科   2019年06月23日
2430燦坤    2019年06月23日
2431聯昌    2019年06月23日
2433互盛電   2019年06月23日
2434統懋    2019年06月23日
2436偉詮電   2019年06月23日
2438翔耀    2019年06月23日
2439美律    2019年06月23日
2440太空梭   2019年06月23日
2441超豐    2019年06月23日
2442新美齊   2019年06月23日
2443新利虹   2019年06月23日
2444兆勁    2019年06月23日
2448晶電    2019年06月23日
2449京元電子  2019年06月23日
2450神腦    2019年06月23日
2451創見    2019年06月23日
2453凌群    2019年06月23日
2454聯發科   2019年06月23日
2455全新    2019年06月23日
2456奇力新   2019年06月23日
2457飛宏    2019年06月23日
2458義隆    2019年06月23日
2459敦吉    2019年06月23日
2460建通    2019年06月23日
2461光群雷   2019年06月23日
2462良得電   2019年06月23日
2464盟立    2019年06月23日
2465麗臺    2019年06月23日
2466冠西電   2019年06月23日
2467志聖    2019年06月23日
2468華經    2019年06月23日
2471資通    2019年06月23日
2472立隆電   2019年06月23日
2474可成    2019年06月23日
2476鉅祥    2019年06月23日
2477美隆電   2019年06月23日
2478大毅    2019年06月23日
2480敦陽科   2019年06月23日
2481強茂    2019年06月23日
2482連宇    2019年06月23日
2483百容    2019年06月23日
2484希華    2019年06月23日
2485兆赫    2019年06月23日
2486一詮    2019年06月23日
2488漢平    2019年06月23日
2489瑞軒    2019年06月23日
2491吉祥全   2019年06月23日
2492華新科   2019年06月23日
2493揚博    2019年06月23日
2495普安    2019年06月23日
2496卓越    2019年06月23日
2497怡利電   2019年06月23日
2498宏達電   2019年06月23日
2499東貝    2019年06月23日
2501國建    2019年06月23日
2504國產    2019年06月23日
2505國揚    2019年06月23日
2506太設    2019年06月23日
2509全坤建   2019年06月23日
2511太子    2019年06月23日
2514龍邦    2019年06月23日
2515中工    2019年06月23日
2516新建    2019年06月23日
2520冠德    2019年06月23日
2524京城    2019年06月23日
2527宏璟    2019年06月23日
2528皇普    2019年06月23日
2530華建    2019年06月23日
2534宏盛    2019年06月23日
2535達欣工   2019年06月23日
2536宏普    2019年06月23日
2537聯上發   2019年06月23日
2538基泰    2019年06月23日
2539櫻花建   2019年06月23日
2540愛山林   2019年06月23日
2542興富發   2019年06月23日
2543皇昌    2019年06月23日
2545皇翔    2019年06月23日
2546根基    2019年06月23日
2547日勝生   2019年06月23日
2548華固    2019年06月23日
2597潤弘    2019年06月23日
2601益航    2019年06月23日
2603長榮    2019年06月23日
2605新興    2019年06月23日
2606裕民    2019年06月23日
2607榮運    2019年06月23日
2608嘉里大榮  2019年06月23日
2609陽明    2019年06月23日
2610華航    2019年06月23日
2611志信    2019年06月23日
2612中航    2019年06月23日
2613中櫃    2019年06月23日
2614東森    2019年06月23日
2615萬海    2019年06月23日
2616山隆    2019年06月23日
2617台航    2019年06月23日
2618長榮航   2019年06月23日
2630亞航    2019年06月23日
2633台灣高鐵  2019年06月23日
2634漢翔    2019年06月23日
2636台驊投控  2019年06月23日
2637慧洋-KY 2019年06月23日
2642宅配通   2019年06月23日
2701萬企    2019年06月23日
2702華園    2019年06月23日
2704國賓    2019年06月23日
2705六福    2019年06月23日
2706第一店   2019年06月23日
2707晶華    2019年06月23日
2712遠雄來   2019年06月23日
2722夏都    2019年06月23日
2723美食-KY 2019年06月23日
2727王品    2019年06月23日
2731雄獅    2019年06月23日
2739寒舍    2019年06月23日
2748雲品    2019年06月23日
2801彰銀    2019年06月23日
2809京城銀   2019年06月23日
2812台中銀   2019年06月23日
2816旺旺保   2019年06月23日
2820華票    2019年06月23日
2823中壽    2019年06月23日
2832台產    2019年06月23日
2834臺企銀   2019年06月23日
2836高雄銀   2019年06月23日
2838聯邦銀   2019年06月23日
2841台開    2019年06月23日
2845遠東銀   2019年06月23日
2849安泰銀   2019年06月23日
2850新產    2019年06月23日
2851中再保   2019年06月23日
2852第一保   2019年06月23日
2855統一證   2019年06月23日
2867三商壽   2019年06月23日
2880華南金   2019年06月23日
2881富邦金   2019年06月23日
2882國泰金   2019年06月23日
2883開發金   2019年06月23日
2884玉山金   2019年06月23日
2885元大金   2019年06月23日
2886兆豐金   2019年06月23日
2887台新金   2019年06月23日
2888新光金   2019年06月23日
2889國票金   2019年06月23日
2890永豐金   2019年06月23日
2891中信金   2019年06月23日
2892第一金   2019年06月23日
2897王道銀行  2019年06月23日
2901欣欣    2019年06月23日
2903遠百    2019年06月23日
2904匯僑    2019年06月23日
2905三商    2019年06月23日
2906高林    2019年06月23日
2908特力    2019年06月23日
2910統領    2019年06月23日
2911麗嬰房   2019年06月23日
2912統一超   2019年06月23日
2913農林    2019年06月23日
2915潤泰全   2019年06月23日
2923鼎固-KY 2019年06月23日
2929淘帝-KY 2019年06月23日
2936客思達-KY2019年06月23日
2939凱羿-KY 2019年06月23日
3002歐格    2019年06月23日
3003健和興   2019年06月23日
3004豐達科   2019年06月23日
3005神基    2019年06月23日
3006晶豪科   2019年06月23日
3008大立光   2019年06月23日
3010華立    2019年06月23日
3011今皓    2019年06月23日
3013晟銘電   2019年06月23日
3014聯陽    2019年06月23日
3015全漢    2019年06月23日
3016嘉晶    2019年06月23日
3017奇鋐    2019年06月23日
3018同開    2019年06月23日
3019亞光    2019年06月23日
3021鴻名    2019年06月23日
3022威強電   2019年06月23日
3023信邦    2019年06月23日
3024憶聲    2019年06月23日
3025星通    2019年06月23日
3026禾伸堂   2019年06月23日
3027盛達    2019年06月23日
3028增你強   2019年06月23日
3029零壹    2019年06月23日
3030德律    2019年06月23日
3031佰鴻    2019年06月23日
3032偉訓    2019年06月23日
3033威健    2019年06月23日
3034聯詠    2019年06月23日
3035智原    2019年06月23日
3036文曄    2019年06月23日
3037欣興    2019年06月23日
3038全台    2019年06月23日
3040遠見    2019年06月23日
3041揚智    2019年06月23日
3042晶技    2019年06月23日
3043科風    2019年06月23日
3044健鼎    2019年06月23日
3045台灣大   2019年06月23日
3046建碁    2019年06月23日
3047訊舟    2019年06月23日
3048益登    2019年06月23日
3049和鑫    2019年06月23日
3050鈺德    2019年06月23日
3051力特    2019年06月23日
3052夆典    2019年06月23日
3054立萬利   2019年06月23日
3055蔚華科   2019年06月23日
3056總太    2019年06月23日
3057喬鼎    2019年06月23日
3058立德    2019年06月23日
3059華晶科   2019年06月23日
3060銘異    2019年06月23日
3062建漢    2019年06月23日
3090日電貿   2019年06月23日
3094聯傑    2019年06月23日
3130一零四   2019年06月23日
3149正達    2019年06月23日
3164景岳    2019年06月23日
3167大量    2019年06月23日
3189景碩    2019年06月23日
3209全科    2019年06月23日
3229晟鈦    2019年06月23日
3231緯創    2019年06月23日
3257虹冠電   2019年06月23日
3266昇陽    2019年06月23日
3296勝德    2019年06月23日
3305昇貿    2019年06月23日
3308聯德    2019年06月23日
3311閎暉    2019年06月23日
3312弘憶股   2019年06月23日
3321同泰    2019年06月23日
3338泰碩    2019年06月23日
3346麗清    2019年06月23日
3356奇偶    2019年06月23日
3376新日興   2019年06月23日
3380明泰    2019年06月23日
3383新世紀   2019年06月23日
3406玉晶光   2019年06月23日
3413京鼎    2019年06月23日
3416融程電   2019年06月23日
3419譁裕    2019年06月23日
3432台端    2019年06月23日
3437榮創    2019年06月23日
3443創意    2019年06月23日
3450聯鈞    2019年06月23日
3454晶睿    2019年06月23日
3481群創    2019年06月23日
3494誠研    2019年06月23日
3501維熹    2019年06月23日
3504揚明光   2019年06月23日
3515華擎    2019年06月23日
3518柏騰    2019年06月23日
3528安馳    2019年06月23日
3530晶相光   2019年06月23日
3532台勝科   2019年06月23日
3533嘉澤    2019年06月23日
3535晶彩科   2019年06月23日
3536誠創    2019年06月23日
3545敦泰    2019年06月23日
3550聯穎    2019年06月23日
3557嘉威    2019年06月23日
3563牧德    2019年06月23日
3576聯合再生  2019年06月23日
3579尚志    2019年06月23日
3583辛耘    2019年06月23日
3588通嘉    2019年06月23日
3591艾笛森   2019年06月23日
3593力銘    2019年06月23日
3596智易    2019年06月23日
3605宏致    2019年06月23日
3607谷崧    2019年06月23日
3617碩天    2019年06月23日
3622洋華    2019年06月23日
3645達邁    2019年06月23日
3653健策    2019年06月23日
3661世芯-KY 2019年06月23日
3665貿聯-KY 2019年06月23日
3669圓展    2019年06月23日
3673TPK-KY2019年06月23日
3679新至陞   2019年06月23日
3682亞太電   2019年06月23日
3686達能    2019年06月23日
3694海華    2019年06月23日
3698隆達    2019年06月23日
3701大眾控   2019年06月23日
3702大聯大   2019年06月23日
3703欣陸    2019年06月23日
3704合勤控   2019年06月23日
3705永信    2019年06月23日
3706神達    2019年06月23日
3708上緯投控  2019年06月23日
3711日月光投控 2019年06月23日
3712永崴投控  2019年06月23日
4104佳醫    2019年06月23日
4106雃博    2019年06月23日
4108懷特    2019年06月23日
4119旭富    2019年06月23日
4133亞諾法   2019年06月23日
4137麗豐-KY 2019年06月23日
4141龍燈-KY 2019年06月23日
4142國光生   2019年06月23日
4144康聯-KY 2019年06月23日
4148全宇生技-KY2019年06月23日
4155訊映    2019年06月23日
4164承業醫   2019年06月23日
4190佐登-KY 2019年06月23日
4306炎洲    2019年06月23日
4414如興    2019年06月23日
4426利勤    2019年06月23日
4438廣越    2019年06月23日
4526東台    2019年06月23日
4532瑞智    2019年06月23日
4536拓凱    2019年06月23日
4540全球傳動  2019年06月23日
4545銘鈺    2019年06月23日
4551智伸科   2019年06月23日
4552力達-KY 2019年06月23日
4555氣立    2019年06月23日
4557永新-KY 2019年06月23日
4560強信-KY 2019年06月23日
4562穎漢    2019年06月23日
4564元翎    2019年06月23日
4566時碩工業  2019年06月23日
4720德淵    2019年06月23日
4722國精化   2019年06月23日
4725信昌化   2019年06月23日
4737華廣    2019年06月23日
4739康普    2019年06月23日
4746台耀    2019年06月23日
4755三福化   2019年06月23日
4763材料-KY 2019年06月23日
4764雙鍵    2019年06月23日
4766南寶    2019年06月23日
4807日成-KY 2019年06月23日
4904遠傳    2019年06月23日
4906正文    2019年06月23日
4912聯德控股-KY2019年06月23日
4915致伸    2019年06月23日
4916事欣科   2019年06月23日
4919新唐    2019年06月23日
4927泰鼎-KY 2019年06月23日
4930燦星網   2019年06月23日
4934太極    2019年06月23日
4935茂林-KY 2019年06月23日
4938和碩    2019年06月23日
4942嘉彰    2019年06月23日
4943康控-KY 2019年06月23日
4952凌通    2019年06月23日
4956光鋐    2019年06月23日
4958臻鼎-KY 2019年06月23日
4960誠美材   2019年06月23日
4961天鈺    2019年06月23日
4967十銓    2019年06月23日
4968立積    2019年06月23日
4976佳凌    2019年06月23日
4977眾達-KY 2019年06月23日
4989榮科    2019年06月23日
4994傳奇    2019年06月23日
4999鑫禾    2019年06月23日
5007三星    2019年06月23日
5203訊連    2019年06月23日
5215科嘉-KY 2019年06月23日
5225東科-KY 2019年06月23日
5234達興材料  2019年06月23日
5243乙盛-KY 2019年06月23日
5258虹堡    2019年06月23日
5264鎧勝-KY 2019年06月23日
5269祥碩    2019年06月23日
5283禾聯碩   2019年06月23日
5284jpp-KY2019年06月23日
5285界霖    2019年06月23日
5288豐祥-KY 2019年06月23日
5305敦南    2019年06月23日
5388中磊    2019年06月23日
5434崇越    2019年06月23日
5469瀚宇博   2019年06月23日
5471松翰    2019年06月23日
5484慧友    2019年06月23日
5515建國    2019年06月23日
5519隆大    2019年06月23日
5521工信    2019年06月23日
5522遠雄    2019年06月23日
5525順天    2019年06月23日
5531鄉林    2019年06月23日
5533皇鼎    2019年06月23日
5534長虹    2019年06月23日
5538東明-KY 2019年06月23日
5607遠雄港   2019年06月23日
5608四維航   2019年06月23日
5706鳳凰    2019年06月23日
5871中租-KY 2019年06月23日
5876上海商銀  2019年06月23日
5880合庫金   2019年06月23日
5906台南-KY 2019年06月23日
5907大洋-KY 2019年06月23日
6005群益證   2019年06月23日
6024群益期   2019年06月23日
6108競國    2019年06月23日
6112聚碩    2019年06月23日
6115鎰勝    2019年06月23日
6116彩晶    2019年06月23日
6117迎廣    2019年06月23日
6120達運    2019年06月23日
6128上福    2019年06月23日
6131悠克    2019年06月23日
6133金橋    2019年06月23日
6136富爾特   2019年06月23日
6139亞翔    2019年06月23日
6141柏承    2019年06月23日
6142友勁    2019年06月23日
6152百一    2019年06月23日
6153嘉聯益   2019年06月23日
6155鈞寶    2019年06月23日
6164華興    2019年06月23日
6165捷泰    2019年06月23日
6166凌華    2019年06月23日
6168宏齊    2019年06月23日
6172互億    2019年06月23日
6176瑞儀    2019年06月23日
6177達麗    2019年06月23日
6183關貿    2019年06月23日
6184大豐電   2019年06月23日
6189豐藝    2019年06月23日
6191精成科   2019年06月23日
6192巨路    2019年06月23日
6196帆宣    2019年06月23日
6197佳必琪   2019年06月23日
6201亞弘電   2019年06月23日
6202盛群    2019年06月23日
6205詮欣    2019年06月23日
6206飛捷    2019年06月23日
6209今國光   2019年06月23日
6213聯茂    2019年06月23日
6214精誠    2019年06月23日
6215和椿    2019年06月23日
6216居易    2019年06月23日
6224聚鼎    2019年06月23日
6225天瀚    2019年06月23日
6226光鼎    2019年06月23日
6230超眾    2019年06月23日
6235華孚    2019年06月23日
6239力成    2019年06月23日
6243迅杰    2019年06月23日
6251定穎    2019年06月23日
6257矽格    2019年06月23日
6269台郡    2019年06月23日
6271同欣電   2019年06月23日
6277宏正    2019年06月23日
6278台表科   2019年06月23日
6281全國電   2019年06月23日
6282康舒    2019年06月23日
6283淳安    2019年06月23日
6285啟碁    2019年06月23日
6288聯嘉    2019年06月23日
6289華上    2019年06月23日
6405悅城    2019年06月23日
6409旭隼    2019年06月23日
6412群電    2019年06月23日
6414樺漢    2019年06月23日
6415矽力-KY 2019年06月23日
6416瑞祺電通  2019年06月23日
6431光麗-KY 2019年06月23日
6442光聖    2019年06月23日
6443元晶    2019年06月23日
6449鈺邦    2019年06月23日
6451訊芯-KY 2019年06月23日
6452康友-KY 2019年06月23日
6456GIS-KY2019年06月23日
6464台數科   2019年06月23日
6477安集    2019年06月23日
6504南六    2019年06月23日
6505台塑化   2019年06月23日
6525捷敏-KY 2019年06月23日
6531愛普    2019年06月23日
6533晶心科   2019年06月23日
6541泰福-KY 2019年06月23日
6552易華電   2019年06月23日
6558興能高   2019年06月23日
6573虹揚-KY 2019年06月23日
6579研揚    2019年06月23日
6581鋼聯    2019年06月23日
6582申豐    2019年06月23日
6591動力-KY 2019年06月23日
6605帝寶    2019年06月23日
6625必應    2019年06月23日
6641基士德-KY2019年06月23日
6655科定    2019年06月23日
6666羅麗芬-KY2019年06月23日
6668中揚光   2019年06月23日
6669緯穎    2019年06月23日
6670復盛應用  2019年06月23日
6671三能-KY 2019年06月23日
6672騰輝電子-KY2019年06月23日
6674鋐寶科技  2019年06月23日
8011台通    2019年06月23日
8016矽創    2019年06月23日
8021尖點    2019年06月23日
8028昇陽半導體 2019年06月23日
8033雷虎    2019年06月23日
8039台虹    2019年06月23日
8046南電    2019年06月23日
8070長華    2019年06月23日
8072陞泰    2019年06月23日
8081致新    2019年06月23日
8101華冠    2019年06月23日
8103瀚荃    2019年06月23日
8104錸寶    2019年06月23日
8105凌巨    2019年06月23日
8110華東    2019年06月23日
8112至上    2019年06月23日
8114振樺電   2019年06月23日
8131福懋科   2019年06月23日
8150南茂    2019年06月23日
8163達方    2019年06月23日
8201無敵    2019年06月23日
8210勤誠    2019年06月23日
8213志超    2019年06月23日
8215明基材   2019年06月23日
8222寶一    2019年06月23日
8249菱光    2019年06月23日
8261富鼎    2019年06月23日
8271宇瞻    2019年06月23日
8341日友    2019年06月23日
8367建新國際  2019年06月23日
8374羅昇    2019年06月23日
8404百和興業-KY2019年06月23日
8411福貞-KY 2019年06月23日
8422可寧衛   2019年06月23日
8427基勝-KY 2019年06月23日
8429金麗-KY 2019年06月23日
8442威宏-KY 2019年06月23日
8443阿瘦    2019年06月23日
8454富邦媒   2019年06月23日
8462柏文    2019年06月23日
8463潤泰材   2019年06月23日
8464億豐    2019年06月23日
8466美喆-KY 2019年06月23日
8467波力-KY 2019年06月23日
8473山林水   2019年06月23日
8478東哥遊艇  2019年06月23日
8480泰昇-KY 2019年06月23日
8481政伸    2019年06月23日
8482商億-KY 2019年06月23日
8488吉源-KY 2019年06月23日
8497格威傳媒  2019年06月23日
8499鼎炫-KY 2019年06月23日
8926台汽電   2019年06月23日
8940新天地   2019年06月23日
8996高力    2019年06月23日
9802鈺齊-KY 2019年06月23日
9902台火    2019年06月23日
9904寶成    2019年06月23日
9905大華    2019年06月23日
9906欣巴巴   2019年06月23日
9907統一實   2019年06月23日
9908大台北   2019年06月23日
9910豐泰    2019年06月23日
9911櫻花    2019年06月23日
9912偉聯    2019年06月23日
9914美利達   2019年06月23日
9917中保    2019年06月23日
9918欣天然   2019年06月23日
9919康那香   2019年06月23日
9921巨大    2019年06月23日
9924福興    2019年06月23日
9925新保    2019年06月23日
9926新海    2019年06月23日
9927泰銘    2019年06月23日
9928中視    2019年06月23日
9929秋雨    2019年06月23日
9930中聯資源  2019年06月23日
9931欣高    2019年06月23日
9933中鼎    2019年06月23日
9934成霖    2019年06月23日
9935慶豐富   2019年06月23日
9937全國    2019年06月23日
9938百和    2019年06月23日
9939宏全    2019年06月23日
9940信義    2019年06月23日
9941裕融    2019年06月23日
9942茂順    2019年06月23日
9943好樂迪   2019年06月23日
9944新麗    2019年06月23日
9945潤泰新   2019年06月23日
9946三發地產  2019年06月23日
9955佳龍    2019年06月23日
9958世紀鋼   2019年06月23日
